C51 COMPILER V9.52.0.0   DELAY                                                             03/17/2018 03:06:33 PAGE 1   


C51 COMPILER V9.52.0.0, COMPILATION OF MODULE DELAY
OBJECT MODULE PLACED IN delay.OBJ
COMPILER INVOKED BY: C:\Keil_v4\C51\BIN\C51.EXE delay.c LARGE OPTIMIZE(0,SIZE) BROWSE DEBUG OBJECTEXTEND TABS(2)

line level    source

   1          #include "delay.h"
   2          #include "intrins.h"
   3          
   4          void Delay1us()   //@20.000MHz
   5          {
   6   1      
   7   1        _nop_();
   8   1        _nop_();
   9   1        _nop_();
  10   1        _nop_();
  11   1        _nop_();
  12   1      
  13   1      }
  14          
  15          void Delay5us()   //@20.000MHz
  16          {
  17   1        unsigned int i;
  18   1      
  19   1        for(i=0;i<1;i++)Delay1us();
  20   1      }
  21          
  22          void Delay12us()    //@20.000MHz
  23          {
  24   1        unsigned int i;
  25   1      
  26   1        for(i=0;i<4;i++)Delay1us();
  27   1      }
  28          
  29          void Delay50us()    //@20.000MHz
  30          {
  31   1        unsigned int i;
  32   1      
  33   1        for(i=0;i<20;i++)Delay1us();
  34   1      }
  35          
  36          void Delay64us()    //@20.000MHz
  37          {
  38   1        unsigned int i;
  39   1      
  40   1        for(i=0;i<25;i++)Delay1us();
  41   1      }
  42          
  43          
  44          void Delay70us()    //@20.000MHz
  45          {
  46   1        unsigned int i;
  47   1      
  48   1        for(i=0;i<29;i++)Delay1us();
  49   1      }
  50          
  51          void Delay350us()   //@20.000MHz
  52          {
  53   1        unsigned int i;
  54   1      
  55   1        for(i=0;i<141;i++)Delay1us();
C51 COMPILER V9.52.0.0   DELAY                                                             03/17/2018 03:06:33 PAGE 2   

  56   1      }
  57          
  58          
  59          void Delay720us()   //@20.000MHz
  60          {
  61   1        unsigned int i;
  62   1      
  63   1        for(i=0;i<300;i++)Delay1us();
  64   1      }
  65          
  66          
  67          void Delay(unsigned int time)//ÑÓÊ±nÎ¢Ãë
  68          {
  69   1        unsigned int i;
  70   1        for(i=0;i<time;i++)Delay1us();
  71   1      }
  72          
  73          void Delay1ms()   //@20.000MHz
  74          {
  75   1        unsigned char i, j;
  76   1      
  77   1        i = 20;
  78   1        j = 113;
  79   1        do
  80   1        {
  81   2          while (--j);
  82   2        } while (--i);
  83   1      }
  84          
  85          
  86          void Delay_ms(unsigned int time)//ÑÓÊ±nºÁÃë
  87          {
  88   1        unsigned int i;
  89   1        for(i=0;i<time;i++)Delay1ms();
  90   1      }
  91          
  92          


MODULE INFORMATION:   STATIC OVERLAYABLE
   CODE SIZE        =    436    ----
   CONSTANT SIZE    =   ----    ----
   XDATA SIZE       =     24    ----
   PDATA SIZE       =   ----    ----
   DATA SIZE        =   ----    ----
   IDATA SIZE       =   ----    ----
   BIT SIZE         =   ----    ----
END OF MODULE INFORMATION.


C51 COMPILATION COMPLETE.  0 WARNING(S),  0 ERROR(S)
