C51 COMPILER V9.52.0.0   TIMER0                                                            03/17/2018 03:06:34 PAGE 1   


C51 COMPILER V9.52.0.0, COMPILATION OF MODULE TIMER0
OBJECT MODULE PLACED IN timer0.OBJ
COMPILER INVOKED BY: C:\Keil_v4\C51\BIN\C51.EXE timer0.c LARGE OPTIMIZE(0,SIZE) BROWSE DEBUG OBJECTEXTEND TABS(2)

line level    source

   1          #include "timer0.h"
   2          #include "stc15.h"
   3          #include "Heartbeat.h"
   4          #define FOSC 20000000L
   5          
   6          //#define T10MS (65536-(FOSC/100))      //1T模式
   7          #define T10MS (65536-(FOSC/12/100)) //12T模式
   8          
   9          void Timer0_Init(void)//初始化定时器0(10ms一次中断)
  10          {
  11   1        //AUXR |= 0x80;                   //定时器0为1T模式
  12   1        AUXR &= 0x7f;                   //定时器0为12T模式
  13   1      
  14   1        TMOD = 0x00;                    //设置定时器为模式0(16位自动重装载)
  15   1        TL0 = T10MS;                     //初始化计时值
  16   1        TH0 = T10MS >> 8;
  17   1        TR0 = 1;                        //定时器0开始计时
  18   1        ET0 = 1;                        //使能定时器0中断
  19   1        EA = 1;
  20   1      }
  21          
  22          
  23          //-----------------------------------------------
  24          
  25          /* Timer0 interrupt routine */
  26          void tm0_isr() interrupt 1 using 1
  27          {
  28   1          HeartBeat_IRQ();//系统心跳中断服务函数
  29   1      }
  30          
  31          //-----------------------------------------------


MODULE INFORMATION:   STATIC OVERLAYABLE
   CODE SIZE        =     46    ----
   CONSTANT SIZE    =   ----    ----
   XDATA SIZE       =   ----    ----
   PDATA SIZE       =   ----    ----
   DATA SIZE        =   ----    ----
   IDATA SIZE       =   ----    ----
   BIT SIZE         =   ----    ----
END OF MODULE INFORMATION.


C51 COMPILATION COMPLETE.  0 WARNING(S),  0 ERROR(S)
