Removed Pin From Net: NetName=5V Pin=R4-1
Removed Pin From Net: NetName=TEMP_UP_BUTTON Pin=R4-2
Removed Pin From Net: NetName=5V Pin=R5-1
Removed Pin From Net: NetName=TEMP_DOWN_BUTTON Pin=R5-2
Removed Pin From Net: NetName=SEG5 Pin=SMG1-1
Removed Pin From Net: NetName=SEG4 Pin=SMG1-2
Removed Pin From Net: NetName=SEG8 Pin=SMG1-3
Removed Pin From Net: NetName=SEG3 Pin=SMG1-4
Removed Pin From Net: NetName=SEG7 Pin=SMG1-5
Removed Pin From Net: NetName=GRID4 Pin=SMG1-6
Removed Pin From Net: NetName=SEG2 Pin=SMG1-7
Removed Pin From Net: NetName=GRID3 Pin=SMG1-8
Removed Pin From Net: NetName=GRID2 Pin=SMG1-9
Removed Pin From Net: NetName=SEG6 Pin=SMG1-10
Removed Pin From Net: NetName=SEG1 Pin=SMG1-11
Removed Pin From Net: NetName=GRID1 Pin=SMG1-12
Removed Pin From Net: NetName=12V Pin=SW1-2
Removed Pin From Net: NetName=12V_in Pin=SW1-3
Removed Pin From Net: NetName=12V Pin=SW1-5
Removed Pin From Net: NetName=12V_in Pin=SW1-6
Removed Pin From Net: NetName=TEMP_UP_BUTTON Pin=SW2-1
Removed Pin From Net: NetName=TEMP_UP_BUTTON Pin=SW2-2
Removed Pin From Net: NetName=GRID2 Pin=SW2-3
Removed Pin From Net: NetName=TEMP_UP_BUTTON Pin=SW2-5
Removed Pin From Net: NetName=GRID2 Pin=SW2-6
Removed Pin From Net: NetName=TEMP_DOWN_BUTTON Pin=SW3-2
Removed Pin From Net: NetName=GRID2 Pin=SW3-3
Removed Pin From Net: NetName=TEMP_DOWN_BUTTON Pin=SW3-5
Removed Pin From Net: NetName=GRID2 Pin=SW3-6
Removed Member From Class: ClassName=Sheet1 Member=R4
Removed Member From Class: ClassName=Sheet1 Member=R5
Removed Member From Class: ClassName=Sheet1 Member=SMG1
Removed Member From Class: ClassName=Sheet1 Member=SW1
Removed Member From Class: ClassName=Sheet1 Member=SW2
Removed Member From Class: ClassName=Sheet1 Member=SW3
Added Component: Designator=P3(XH2.54-LI-4P)
Add component. Clean all parameters for all variants
Add component (AddParameter): Name = "LatestRevisionDate"; Value = "17-Jul-2002"; VariantName = "[No Variations]"
Add component (AddParameter): Name = "LatestRevisionNote"; Value = "Re-released for DXP Platform."; VariantName = "[No Variations]"
Add component (AddParameter): Name = "Publisher"; Value = "Altium Limited"; VariantName = "[No Variations]"
Added Component: Designator=P4(XH2.54-LI-8P)
Add component. Clean all parameters for all variants
Add component (AddParameter): Name = "LatestRevisionDate"; Value = "17-Jul-2002"; VariantName = "[No Variations]"
Add component (AddParameter): Name = "LatestRevisionNote"; Value = "Re-released for DXP Platform."; VariantName = "[No Variations]"
Add component (AddParameter): Name = "Publisher"; Value = "Altium Limited"; VariantName = "[No Variations]"
Added Component: Designator=P5(XH2.54-LI-3P)
Add component. Clean all parameters for all variants
Add component (AddParameter): Name = "LatestRevisionDate"; Value = "17-Jul-2002"; VariantName = "[No Variations]"
Add component (AddParameter): Name = "LatestRevisionNote"; Value = "Re-released for DXP Platform."; VariantName = "[No Variations]"
Add component (AddParameter): Name = "Publisher"; Value = "Altium Limited"; VariantName = "[No Variations]"
Added Component: Designator=P6(XH2.54-LI-3P)
Add component. Clean all parameters for all variants
Add component (AddParameter): Name = "LatestRevisionDate"; Value = "17-Jul-2002"; VariantName = "[No Variations]"
Add component (AddParameter): Name = "LatestRevisionNote"; Value = "Re-released for DXP Platform."; VariantName = "[No Variations]"
Add component (AddParameter): Name = "Publisher"; Value = "Altium Limited"; VariantName = "[No Variations]"
Added Component: Designator=P7(XH2.54-LI-2P)
Add component. Clean all parameters for all variants
Add component (AddParameter): Name = "LatestRevisionDate"; Value = "17-Jul-2002"; VariantName = "[No Variations]"
Add component (AddParameter): Name = "LatestRevisionNote"; Value = "Re-released for DXP Platform."; VariantName = "[No Variations]"
Add component (AddParameter): Name = "Publisher"; Value = "Altium Limited"; VariantName = "[No Variations]"
Added Pin To Net: NetName=GRID1 Pin=P3-1
Added Pin To Net: NetName=GRID2 Pin=P3-2
Added Pin To Net: NetName=GRID3 Pin=P3-3
Added Pin To Net: NetName=GRID4 Pin=P3-4
Added Pin To Net: NetName=SEG1 Pin=P4-1
Added Pin To Net: NetName=SEG2 Pin=P4-2
Added Pin To Net: NetName=SEG3 Pin=P4-3
Added Pin To Net: NetName=SEG4 Pin=P4-4
Added Pin To Net: NetName=SEG5 Pin=P4-5
Added Pin To Net: NetName=SEG6 Pin=P4-6
Added Pin To Net: NetName=SEG7 Pin=P4-7
Added Pin To Net: NetName=SEG8 Pin=P4-8
Added Pin To Net: NetName=5V Pin=P5-1
Added Pin To Net: NetName=TEMP_DOWN_BUTTON Pin=P5-2
Added Pin To Net: NetName=GRID2 Pin=P5-3
Added Pin To Net: NetName=5V Pin=P6-1
Added Pin To Net: NetName=TEMP_UP_BUTTON Pin=P6-2
Added Pin To Net: NetName=GRID2 Pin=P6-3
Added Pin To Net: NetName=12V_in Pin=P7-1
Added Pin To Net: NetName=12V Pin=P7-2
Added Member To Class: ClassName=Sheet1 Member=Component P3 Header 4
Added Member To Class: ClassName=Sheet1 Member=Component P4 Header 8
Added Member To Class: ClassName=Sheet1 Member=Component P5 Header 3
Added Member To Class: ClassName=Sheet1 Member=Component P6 Header 3
Added Member To Class: ClassName=Sheet1 Member=Component P7 Header 2
